<?xml version="1.0" encoding="UTF-8"?>
<!-- Generated by org.testng.reporters.JUnitXMLReporter -->
<testsuite ignored="0" hostname="MREM6FDB1B95" failures="1" tests="1" name="RegressionTest" time="68.808" errors="0" timestamp="06 Feb 2024 09:22:32 GMT">
  <testcase classname="Tests.DemoTest1" name="negative_login" time="35.282">
    <failure type="java.lang.AssertionError" message="null">
      <![CDATA[java.lang.AssertionError: null
at Keywords.PlaywrightAPI.Type(PlaywrightAPI.java:57)
at Tests.DemoTest1.negative_login(DemoTest1.java:52)
... Removed 30 stack frames]]>
    </failure>
  </testcase> <!-- negative_login -->
</testsuite> <!-- RegressionTest -->
